
 Ansys Mechanical Enterprise                       


 *------------------------------------------------------------------*
 |                                                                  |
 |   W E L C O M E   T O   T H E   A N S Y S (R)  P R O G R A M     |
 |                                                                  |
 *------------------------------------------------------------------*




 ***************************************************************
 *         ANSYS MAPDL 2024 R2          LEGAL NOTICES          *
 ***************************************************************
 *                                                             *
 * Copyright 1971-2024 Ansys, Inc.  All rights reserved.       *
 * Unauthorized use, distribution or duplication is            *
 * prohibited.                                                 *
 *                                                             *
 * Ansys is a registered trademark of Ansys, Inc. or its       *
 * subsidiaries in the United States or other countries.       *
 * See the Ansys, Inc. online documentation or the Ansys, Inc. *
 * documentation CD or online help for the complete Legal      *
 * Notice.                                                     *
 *                                                             *
 ***************************************************************
 *                                                             *
 * THIS ANSYS SOFTWARE PRODUCT AND PROGRAM DOCUMENTATION       *
 * INCLUDE TRADE SECRETS AND CONFIDENTIAL AND PROPRIETARY      *
 * PRODUCTS OF ANSYS, INC., ITS SUBSIDIARIES, OR LICENSORS.    *
 * The software products and documentation are furnished by    *
 * Ansys, Inc. or its subsidiaries under a software license    *
 * agreement that contains provisions concerning               *
 * non-disclosure, copying, length and nature of use,          *
 * compliance with exporting laws, warranties, disclaimers,    *
 * limitations of liability, and remedies, and other           *
 * provisions.  The software products and documentation may be *
 * used, disclosed, transferred, or copied only in accordance  *
 * with the terms and conditions of that software license      *
 * agreement.                                                  *
 *                                                             *
 * Ansys, Inc. is a UL registered                              *
 * ISO 9001:2015 company.                                      *
 *                                                             *
 ***************************************************************
 *                                                             *
 * This product is subject to U.S. laws governing export and   *
 * re-export.                                                  *
 *                                                             *
 * For U.S. Government users, except as specifically granted   *
 * by the Ansys, Inc. software license agreement, the use,     *
 * duplication, or disclosure by the United States Government  *
 * is subject to restrictions stated in the Ansys, Inc.        *
 * software license agreement and FAR 12.212 (for non-DOD      *
 * licenses).                                                  *
 *                                                             *
 ***************************************************************

 2024 R2 
     
 Point Releases and Patches installed:   
     
 Ansys, Inc. License Manager 2024 R2 
 Viewer 2024 R2  
 Discovery 2024 R2   
 Core WB Files 2024 R2   
 SpaceClaim 2024 R2  
 Icepak (includes CFD-Post) 2024 R2  
 Ansys Dynamic Reporting 2024 R2 
 CFD-Post only 2024 R2   
 CFX (includes CFD-Post) 2024 R2 
 Chemkin 2024 R2 
 EnSight 2024 R2 
 FENSAP-ICE 2024 R2  
 Fluent (includes CFD-Post) 2024 R2  
 Polyflow (includes CFD-Post) 2024 R2
 Forte (includes EnSight) 2024 R2
 ICEM CFD 2024 R2
 TurboGrid 2024 R2   
 Speos 2024 R2   
 Speos HPC 2024 R2   
 Zemax OpticStudio 2024 R2   
 optiSLang 2024 R2   
 Remote Solve Manager Standalone Services 2024 R2
 Additive 2024 R2
 Aqwa 2024 R2
 Autodyn 2024 R2 
 Customization Files for User Programmable Features 2024 R2  
 LS-DYNA 2024 R2 
 Material Calibration App 2024 R2
 Mechanical Products 2024 R2 
 Motion 2024 R2  
 Sherlock 2024 R2
 Sound - SAS 2024 R2 
 ACIS Geometry Interface 2024 R2 
 AutoCAD Geometry Interface 2024 R2  
 Catia, Version 4 Geometry Interface 2024 R2 
 Catia, Version 5 Geometry Interface 2024 R2 
 Catia, Version 6 Geometry Interface 2024 R2 
 Creo Elements/Direct Modeling Geometry Interface 2024 R2
 Creo Parametric Geometry Interface 2024 R2  
 Inventor Geometry Interface 2024 R2 
 JTOpen Geometry Interface 2024 R2   
 NX Geometry Interface 2024 R2   
 Parasolid Geometry Interface  2024 R2   
 Solid Edge Geometry Interface 2024 R2   
 SOLIDWORKS Geometry Interface 2024 R2   


          *****  MAPDL COMMAND LINE ARGUMENTS  *****
  BATCH MODE REQUESTED (-b)    = NOLIST
  INPUT FILE COPY MODE (-c)    = COPY
  DISTRIBUTED MEMORY PARALLEL REQUESTED
       8 PARALLEL PROCESSES REQUESTED WITH SINGLE THREAD PER PROCESS
    TOTAL OF     8 CORES REQUESTED
  INPUT FILE NAME              = C:\Users\30696\AppData\Local\Temp\WB_30696_71236_2\_ProjectScratch\Scr5252\dummy.dat
  OUTPUT FILE NAME             = C:\Users\30696\AppData\Local\Temp\WB_30696_71236_2\_ProjectScratch\Scr5252\solve.out
  START-UP FILE MODE           = NOREAD
  STOP FILE MODE               = NOREAD

 RELEASE= 2024 R2              BUILD= 24.2      UP20240603   VERSION=WINDOWS x64 
 CURRENT JOBNAME=file0  21:21:26  FEB 11, 2025 CP=      0.016


 PARAMETER _DS_PROGRESS =     999.0000000    

 /INPUT FILE= ds.dat  LINE=       0



 *** NOTE ***                            CP =       0.109   TIME= 21:21:26
 The /CONFIG,NOELDB command is not valid in a distributed memory         
 parallel solution.  Command is ignored.                                 

 *GET  _WALLSTRT  FROM  ACTI  ITEM=TIME WALL  VALUE=  21.3572222    


 USE DOUBLE PRECISION RESULTS FILE FORMAT

 TITLE= 
 wbnew--____ (A5)                                                              

  ACT Extensions:
      LSDYNA, 2024.2
      5f463412-bd3e-484b-87e7-cbc0a665e474, wbex
 /COM,     ANSYSMotion, 2024.2
      20180725-3f81-49eb-9f31-41364844c769, wbex
  

 SET PARAMETER DIMENSIONS ON  _WB_PROJECTSCRATCH_DIR
  TYPE=STRI  DIMENSIONS=      248        1        1

 PARAMETER _WB_PROJECTSCRATCH_DIR(1) = C:\Users\30696\AppData\Local\Temp\WB_30696_71236_2\_ProjectScratch\Scr5252\

 SET PARAMETER DIMENSIONS ON  _WB_SOLVERFILES_DIR
  TYPE=STRI  DIMENSIONS=      248        1        1

 PARAMETER _WB_SOLVERFILES_DIR(1) = C:\Users\30696\AppData\Local\Temp\WB_30696_71236_2\wbnew_files\dp0\SYS\MECH\

 SET PARAMETER DIMENSIONS ON  _WB_USERFILES_DIR
  TYPE=STRI  DIMENSIONS=      248        1        1

 PARAMETER _WB_USERFILES_DIR(1) = C:\Users\30696\AppData\Local\Temp\WB_30696_71236_2\wbnew_files\user_files\
 --- Data in consistent MKS units. See Solving Units in the help system for more

 MKS UNITS SPECIFIED FOR INTERNAL    
  LENGTH        (l)  = METER (M)
  MASS          (M)  = KILOGRAM (KG)
  TIME          (t)  = SECOND (SEC)
  TEMPERATURE   (T)  = CELSIUS (C)
  TOFFSET            = 273.0
  CHARGE        (Q)  = COULOMB
  FORCE         (f)  = NEWTON (N) (KG-M/SEC2)
  HEAT               = JOULE (N-M)

  PRESSURE           = PASCAL (NEWTON/M**2)
  ENERGY        (W)  = JOULE (N-M)
  POWER         (P)  = WATT (N-M/SEC)
  CURRENT       (i)  = AMPERE (COULOMBS/SEC)
  CAPACITANCE   (C)  = FARAD
  INDUCTANCE    (L)  = HENRY
  MAGNETIC FLUX      = WEBER
  RESISTANCE    (R)  = OHM
  ELECTRIC POTENTIAL = VOLT

 INPUT  UNITS ARE ALSO SET TO MKS 

 *** MAPDL - ENGINEERING ANALYSIS SYSTEM  RELEASE 2024 R2          24.2     ***
 Ansys Mechanical Enterprise                       
 20230322  VERSION=WINDOWS x64   21:21:26  FEB 11, 2025 CP=      0.125

 wbnew--____ (A5)                                                              



          ***** MAPDL ANALYSIS DEFINITION (PREP7) *****
 *********** Nodes for the whole assembly ***********
 *********** Elements for Body 1 'PartBody|Pocket.9' ***********
 *********** Send User Defined Coordinate System(s) ***********
 *********** Set Reference Temperature ***********
 *********** Send Materials ***********
 ********* Frictionless Supports X *********
 ********* Frictionless Supports Z *********
 *********** Node Rotations ***********
 *********** Create Elastic Support ***********
 *********** Create Elastic Support ***********
 *********** Define Force Using Surface Effect Elements ***********
 *********** Create Bearing Load ***********


 ***** ROUTINE COMPLETED *****  CP =         0.562


 --- Number of total nodes = 64219
 --- Number of contact elements = 368
 --- Number of spring elements = 0
 --- Number of bearing elements = 0
 --- Number of solid elements = 12876
 --- Number of condensed parts = 0
 --- Number of total elements = 13244

 *GET  _WALLBSOL  FROM  ACTI  ITEM=TIME WALL  VALUE=  21.3572222    
 ****************************************************************************
 *************************    SOLUTION       ********************************
 ****************************************************************************

 *****  MAPDL SOLUTION ROUTINE  *****


 PERFORM A STATIC ANALYSIS
  THIS WILL BE A NEW ANALYSIS

 PARAMETER _THICKRATIO =     1.000000000    

 USE PRECONDITIONED CONJUGATE GRADIENT SOLVER
  CONVERGENCE TOLERANCE = 1.00000E-08
  MAXIMUM ITERATION     = NumNode*DofPerNode*  1.0000    

 CONTACT INFORMATION PRINTOUT LEVEL       1

 NLDIAG: Nonlinear diagnostics CONT option is set to ON. 
         Writing frequency : each ITERATION.

 DO NOT SAVE ANY RESTART FILES AT ALL
 ****************************************************
 ******************* SOLVE FOR LS 1 OF 1 ****************

 SELECT       FOR ITEM=TYPE COMPONENT=    
  IN RANGE         4 TO          4 STEP          1

         80  ELEMENTS (OF      13244  DEFINED) SELECTED BY  ESEL  COMMAND.

 SELECT      ALL NODES HAVING ANY ELEMENT IN ELEMENT SET.

        280 NODES (OF      64219  DEFINED) SELECTED FROM
       80 SELECTED ELEMENTS BY NSLE COMMAND.

 SPECIFIED SURFACE LOAD PRES FOR ALL SELECTED ELEMENTS  LKEY =  1   KVAL = 1
     VALUES =    0.66315E+06    0.66315E+06    0.66315E+06    0.66315E+06

 SPECIFIED SURFACE LOAD PRES FOR ALL SELECTED ELEMENTS  LKEY =  2   KVAL = 1
     VALUES =     0.0000         0.0000         0.0000         0.0000    

 SPECIFIED SURFACE LOAD PRES FOR ALL SELECTED ELEMENTS  LKEY =  3   KVAL = 1
     VALUES =     0.0000         0.0000         0.0000         0.0000    

 ALL SELECT   FOR ITEM=NODE COMPONENT=    
  IN RANGE         1 TO      64219 STEP          1

      64219  NODES (OF      64219  DEFINED) SELECTED BY NSEL  COMMAND.

 ALL SELECT   FOR ITEM=ELEM COMPONENT=    
  IN RANGE         1 TO      21514 STEP          1

      13244  ELEMENTS (OF      13244  DEFINED) SELECTED BY  ESEL  COMMAND.

 SELECT       FOR ITEM=TYPE COMPONENT=    
  IN RANGE         5 TO          5 STEP          1

        104  ELEMENTS (OF      13244  DEFINED) SELECTED BY  ESEL  COMMAND.

 SPECIFIED SURFACE LOAD PRES FOR ALL SELECTED ELEMENTS  LKEY =  5   KVAL = 1
     VALUES =     0.0000         1.0000         0.0000         0.0000    

 COORDINATE SYSTEM         11 DEFINITION.  TYPE= 0  (CARTESIAN)  
   XC,YC,ZC=  0.0000      0.0000      0.0000    
   ANGLES=  -90.00    0.00   90.00   PARAMETERS=   1.000   1.000
   ORIENTATION=  0.00 -0.00 -1.00   1.00  0.00  0.00   0.00 -1.00  0.00

 ACTIVE COORDINATE SYSTEM SET TO        11  (CARTESIAN)  

 ACTIVE COORDINATE SYSTEM SET TO          0  (CARTESIAN)  

 PARAMETER _V1 =     0.000000000    

 PARAMETER _V2 =     0.000000000    

 PARAMETER _V3 =    -1.000000000    

 *GET  _NECURR   FROM  ELEM  ITEM=COUN           VALUE=  104.000000    

 PARAMETER _ECURR =     0.000000000    

 PARAMETER _TOTAL =     0.000000000    

 *DO LOOP ON PARAMETER= _I FROM  1.0000     TO  104.00     BY  1.0000    

 PARAMETER _ECURR =     21411.00000    

 PARAMETER _NORMX =     0.000000000    

 PARAMETER _NORMY =    0.9999077144    

 PARAMETER _NORMZ =    0.1358538674E-01

 PARAMETER _NORMMAG =     1.000000000    

 PARAMETER _NORMX =     0.000000000    

 PARAMETER _NORMY =    0.9999077144    

 PARAMETER _NORMZ =    0.1358538674E-01

 PARAMETER _DOT =   -0.1358538674E-01

 *IF  _dot  ( = -0.135854E-01 )  GT  
      -.00001  ( = -0.100000E-04 )  THEN    

 *ELSE

 ACTIVE COORDINATE SYSTEM SET TO         11  (CARTESIAN)  

 *GET  _INDD     FROM  ELEM     21411  ITEM=APRO X         VALUE= 0.131003000E-07

 ACTIVE COORDINATE SYSTEM SET TO          0  (CARTESIAN)  

 PARAMETER _TOTAL =    0.1310030000E-07

 *ENDIF

 *ENDDO  INDEX= _I                              

 *GET  _NECURR   FROM  ELEM  ITEM=COUN           VALUE=  52.0000000    

 *IF  _necurr  ( =   52.0000     )  EQ  
      0  ( =   0.00000     )  THEN    

 *ENDIF

 PARAMETER _MAG =     2400.000000    

 PARAMETER _MAG =     75433379.85    

 SPECIFIED SURFACE LOAD PRES FOR ALL SELECTED ELEMENTS  LKEY =  5   KVAL = 1
     VALUES =    0.75433E+08     0.0000         0.0000        -2400.0    

 ALL SELECT   FOR ITEM=NODE COMPONENT=    
  IN RANGE         1 TO      64219 STEP          1

      64219  NODES (OF      64219  DEFINED) SELECTED BY NSEL  COMMAND.

 ALL SELECT   FOR ITEM=ELEM COMPONENT=    
  IN RANGE         1 TO      21514 STEP          1

      13244  ELEMENTS (OF      13244  DEFINED) SELECTED BY  ESEL  COMMAND.

 PRINTOUT RESUMED BY /GOP

 USE       1 SUBSTEPS INITIALLY THIS LOAD STEP FOR ALL  DEGREES OF FREEDOM
 FOR AUTOMATIC TIME STEPPING:
   USE      1 SUBSTEPS AS A MAXIMUM
   USE      1 SUBSTEPS AS A MINIMUM

 TIME=  1.0000    

 ERASE THE CURRENT DATABASE OUTPUT CONTROL TABLE.


 WRITE ALL  ITEMS TO THE DATABASE WITH A FREQUENCY OF NONE
   FOR ALL APPLICABLE ENTITIES

 WRITE NSOL ITEMS TO THE DATABASE WITH A FREQUENCY OF ALL 
   FOR ALL APPLICABLE ENTITIES

 WRITE RSOL ITEMS TO THE DATABASE WITH A FREQUENCY OF ALL 
   FOR ALL APPLICABLE ENTITIES

 WRITE EANG ITEMS TO THE DATABASE WITH A FREQUENCY OF ALL 
   FOR ALL APPLICABLE ENTITIES

 WRITE ETMP ITEMS TO THE DATABASE WITH A FREQUENCY OF ALL 
   FOR ALL APPLICABLE ENTITIES

 WRITE VENG ITEMS TO THE DATABASE WITH A FREQUENCY OF ALL 
   FOR ALL APPLICABLE ENTITIES

 WRITE NLOA ITEMS TO THE DATABASE WITH A FREQUENCY OF ALL 
   FOR ALL APPLICABLE ENTITIES

 WRITE STRS ITEMS TO THE DATABASE WITH A FREQUENCY OF ALL 
   FOR ALL APPLICABLE ENTITIES

 WRITE BKST ITEMS TO THE DATABASE WITH A FREQUENCY OF ALL 
   FOR ALL APPLICABLE ENTITIES

 WRITE EPEL ITEMS TO THE DATABASE WITH A FREQUENCY OF ALL 
   FOR ALL APPLICABLE ENTITIES

 WRITE EPPL ITEMS TO THE DATABASE WITH A FREQUENCY OF ALL 
   FOR ALL APPLICABLE ENTITIES

 WRITE CONT ITEMS TO THE DATABASE WITH A FREQUENCY OF ALL 
   FOR ALL APPLICABLE ENTITIES

 ALL CURRENT MAPDL DATA WRITTEN TO FILE NAME= file_Static24.db
  FOR POSSIBLE RESUME FROM THIS POINT

 *GET  ANSINTER_  FROM  ACTI  ITEM=INT        VALUE=  0.00000000    

 *IF  ANSINTER_  ( =   0.00000     )  NE  
      0  ( =   0.00000     )  THEN    

 *ENDIF

 *** NOTE ***                            CP =       0.953   TIME= 21:21:26
 The automatic domain decomposition logic has selected the MESH domain   
 decomposition method with 8 processes per solution.                     

 *****  MAPDL SOLVE    COMMAND  *****

 *** WARNING ***                         CP =       1.078   TIME= 21:21:26
 Element shape checking is currently inactive.  Issue SHPP,ON or         
 SHPP,WARN to reactivate, if desired.                                    

 *** NOTE ***                            CP =       1.172   TIME= 21:21:26
 The model data was checked and warning messages were found.             
  Please review output or errors file (                                  
 C:\Users\30696\AppData\Local\Temp\WB_30696_71236_2\_ProjectScratch\Scr5 
 5252\file0.err ) for these warning messages.                            

 *** SELECTION OF ELEMENT TECHNOLOGIES FOR APPLICABLE ELEMENTS ***
      --- GIVE SUGGESTIONS AND RESET THE KEY OPTIONS ---

 ELEMENT TYPE         1 IS SOLID186. KEYOPT(2)=0 IS SUGGESTED AND HAS BEEN RESET.
  KEYOPT(1-12)=    0    0    0    0    0    0    0    0    0    0    0    0



 *** MAPDL - ENGINEERING ANALYSIS SYSTEM  RELEASE 2024 R2          24.2     ***
 Ansys Mechanical Enterprise                       
 20230322  VERSION=WINDOWS x64   21:21:26  FEB 11, 2025 CP=      1.172

 wbnew--____ (A5)                                                              



                       S O L U T I O N   O P T I O N S

   PROBLEM DIMENSIONALITY. . . . . . . . . . . . .3-D                  
   DEGREES OF FREEDOM. . . . . . UX   UY   UZ  
   ANALYSIS TYPE . . . . . . . . . . . . . . . . .STATIC (STEADY-STATE)
   OFFSET TEMPERATURE FROM ABSOLUTE ZERO . . . . .  273.15    
   EQUATION SOLVER OPTION. . . . . . . . . . . . .PCG                
      TOLERANCE. . . . . . . . . . . . . . . . . . 1.00000E-08
   GLOBALLY ASSEMBLED MATRIX . . . . . . . . . . .SYMMETRIC  

 *** NOTE ***                            CP =       1.188   TIME= 21:21:26
 Poisson's ratio PR input has been converted to NU input.                

 *** WARNING ***                         CP =       1.188   TIME= 21:21:26
 Material number 2 (used by element 21147) should normally have at least 
 one MP or one TB type command associated with it.  Output of energy by  
 material may not be available.                                          

 *** NOTE ***                            CP =       1.188   TIME= 21:21:26
 The step data was checked and warning messages were found.              
  Please review output or errors file (                                  
 C:\Users\30696\AppData\Local\Temp\WB_30696_71236_2\_ProjectScratch\Scr5 
 5252\file0.err ) for these warning messages.                            

 *** NOTE ***                            CP =       1.188   TIME= 21:21:26
 The conditions for direct assembly have been met.  No .emat or .erot    
 files will be produced.                                                 

  
  
     D I S T R I B U T E D   D O M A I N   D E C O M P O S E R
  
  ...Number of elements: 13244
  ...Number of nodes:    64219
  ...Decompose to 8 CPU domains
  ...Element load balance ratio =     1.045


                      L O A D   S T E P   O P T I O N S

   LOAD STEP NUMBER. . . . . . . . . . . . . . . .     1
   TIME AT END OF THE LOAD STEP. . . . . . . . . .  1.0000    
   NUMBER OF SUBSTEPS. . . . . . . . . . . . . . .     1
   STEP CHANGE BOUNDARY CONDITIONS . . . . . . . .    NO
   PRINT OUTPUT CONTROLS . . . . . . . . . . . . .NO PRINTOUT
   DATABASE OUTPUT CONTROLS
      ITEM     FREQUENCY   COMPONENT
       ALL       NONE               
      NSOL        ALL               
      RSOL        ALL               
      EANG        ALL               
      ETMP        ALL               
      VENG        ALL               
      NLOA        ALL               
      STRS        ALL               
      BKST        ALL               
      EPEL        ALL               
      EPPL        ALL               
      CONT        ALL               


 SOLUTION MONITORING INFO IS WRITTEN TO FILE= file.mntr                                                                                                                                                                                                                                                           


 *** NOTE ***                            CP =       1.828   TIME= 21:21:27
 The PCG solver has automatically set the level of difficulty for this   
 model to 2.                                                             


                         ***********  PRECISE MASS SUMMARY  ***********

   TOTAL RIGID BODY MASS MATRIX ABOUT ORIGIN
               Translational mass               |   Coupled translational/rotational mass
        0.22432E-01    0.0000        0.0000     |     0.0000       0.51149E-02   0.52165E-02
         0.0000       0.22432E-01    0.0000     |   -0.51149E-02    0.0000       0.34826E-01
         0.0000        0.0000       0.22432E-01 |   -0.52165E-02  -0.34826E-01    0.0000    
     ------------------------------------------ | ------------------------------------------
                                                |         Rotational mass (inertia)
                                                |    0.23979E-02   0.80987E-02  -0.79408E-02
                                                |    0.80987E-02   0.55244E-01   0.11864E-02
                                                |   -0.79408E-02   0.11864E-02   0.55289E-01

   TOTAL MASS = 0.22432E-01
     The mass principal axes coincide with the global Cartesian axes

   CENTER OF MASS (X,Y,Z)=    1.5525      -0.23254       0.22801    

   TOTAL INERTIA ABOUT CENTER OF MASS
        0.18544E-04  -0.17347E-17  -0.17347E-17
       -0.17347E-17   0.10289E-04  -0.30810E-05
       -0.17347E-17  -0.30810E-05   0.83152E-05

   PRINCIPAL INERTIAS =   0.18544E-04   0.12537E-04   0.60669E-05
   ORIENTATION VECTORS OF THE INERTIA PRINCIPAL AXES IN GLOBAL CARTESIAN
     ( 1.000,-0.000,-0.000) ( 0.000, 0.808,-0.589) ( 0.000, 0.589, 0.808) 


  *** MASS SUMMARY BY ELEMENT TYPE ***

  TYPE      MASS
     1  0.224324E-01

 Range of element maximum matrix coefficients in global coordinates
 Maximum = 278847144 at element 4420.                                    
 Minimum = 5.812768044E-04 at element 21218.                             

 *** WARNING ***                         CP =       2.109   TIME= 21:21:27
 Coefficient ratio exceeds 1.0e8 - Check results.                        

   *** ELEMENT MATRIX FORMULATION TIMES
     TYPE    NUMBER   ENAME      TOTAL CP  AVE CP

        1     12876  SOLID186      0.906   0.000070
        2        80  SURF154       0.000   0.000000
        3       104  SURF154       0.000   0.000000
        4        80  SURF154       0.000   0.000000
        5       104  SURF154       0.000   0.000000
 Time at end of element matrix formulation CP = 2.109375.                
 Iteration=     5 Ratio=  3.870601E-03 Limit=  1.000000E-08 Wall=     0.0
 Iteration=    10 Ratio=  4.959257E-04 Limit=  1.000000E-08 Wall=     0.1
 Iteration=    45 Ratio=  2.175901E-06 Limit=  1.000000E-08 Wall=     0.3

 DISTRIBUTED PCG SOLVER SOLUTION CONVERGED

 DISTRIBUTED PCG SOLVER SOLUTION STATISTICS

   NUMBER OF ITERATIONS=         103
   NUMBER OF EQUATIONS =      192657
   LEVEL OF CONVERGENCE=           1
   CALCULATED NORM     = 0.93630E-08
   SPECIFIED TOLERANCE = 0.10000E-07
   TOTAL CPU TIME (sec)=        0.27
   TOTAL WALL TIME(sec)=        0.94
   TOTAL MEMORY (GB)   =        0.16


   *** ELEMENT RESULT CALCULATION TIMES
     TYPE    NUMBER   ENAME      TOTAL CP  AVE CP

        1     12876  SOLID186      0.312   0.000024
        2        80  SURF154       0.000   0.000000
        3       104  SURF154       0.016   0.000150
        4        80  SURF154       0.000   0.000000
        5       104  SURF154       0.031   0.000300

   *** NODAL LOAD CALCULATION TIMES
     TYPE    NUMBER   ENAME      TOTAL CP  AVE CP

        1     12876  SOLID186      0.016   0.000001
        2        80  SURF154       0.000   0.000000
        3       104  SURF154       0.000   0.000000
        4        80  SURF154       0.000   0.000000
        5       104  SURF154       0.000   0.000000
 *** LOAD STEP     1   SUBSTEP     1  COMPLETED.    CUM ITER =      1
 *** TIME =   1.00000         TIME INC =   1.00000      NEW TRIANG MATRIX


 *** MAPDL BINARY FILE STATISTICS
  BUFFER SIZE USED= 16384
        4.125 MB WRITTEN ON RESULTS FILE: file0.rst
 *************** Write FE CONNECTORS *********

 WRITE OUT CONSTRAINT EQUATIONS TO FILE= file.ce                                                                                                                                                                                                                                                             
 ****************************************************
 *************** FINISHED SOLVE FOR LS 1 *************

 *GET  _WALLASOL  FROM  ACTI  ITEM=TIME WALL  VALUE=  21.3577778    

 PRINTOUT RESUMED BY /GOP

 *GET  _PCGITER  FROM  ACTI  ITEM=SOLU CGIT  VALUE=  103.000000    

 FINISH SOLUTION PROCESSING


 ***** ROUTINE COMPLETED *****  CP =         3.219



 *** MAPDL - ENGINEERING ANALYSIS SYSTEM  RELEASE 2024 R2          24.2     ***
 Ansys Mechanical Enterprise                       
 20230322  VERSION=WINDOWS x64   21:21:28  FEB 11, 2025 CP=      3.219

 wbnew--____ (A5)                                                              



          ***** MAPDL RESULTS INTERPRETATION (POST1) *****

 *** NOTE ***                            CP =       3.219   TIME= 21:21:28
 Reading results into the database (SET command) will update the current 
 displacement and force boundary conditions in the database with the     
 values from the results file for that load set.  Note that any          
 subsequent solutions will use these values unless action is taken to    
 either SAVE the current values or not overwrite them (/EXIT,NOSAVE).    

 Set Encoding of XML File to:ISO-8859-1

 Set Output of XML File to:
     PARM,     ,     ,     ,     ,     ,     ,     ,     ,     ,     ,     ,
         ,     ,     ,     ,     ,     ,     ,

 DATABASE WRITTEN ON FILE  parm.xml                                                                                                                                                                                                                                                            

 EXIT THE MAPDL POST1 DATABASE PROCESSOR


 ***** ROUTINE COMPLETED *****  CP =         3.219



 PRINTOUT RESUMED BY /GOP

 *GET  _WALLDONE  FROM  ACTI  ITEM=TIME WALL  VALUE=  21.3577778    

 PARAMETER _PREPTIME =     0.000000000    

 PARAMETER _SOLVTIME =     2.000000000    

 PARAMETER _POSTTIME =     0.000000000    

 PARAMETER _TOTALTIM =     2.000000000    

 *GET  _DLBRATIO  FROM  ACTI  ITEM=SOLU DLBR  VALUE=  1.04471299    

 *GET  _COMBTIME  FROM  ACTI  ITEM=SOLU COMB  VALUE= 0.836734000E-01

 *GET  _SSMODE   FROM  ACTI  ITEM=SOLU SSMM  VALUE=  0.00000000    

 *GET  _NDOFS    FROM  ACTI  ITEM=SOLU NDOF  VALUE=  192097.000    
 --- Total number of nodes = 64219
 --- Total number of elements = 13244
 --- Element load balance ratio = 1.04471299
 --- Time to combine distributed files = 8.36734E-02
 --- Sparse memory mode = 0
 --- Number of DOF = 192097

 EXIT MAPDL WITHOUT SAVING DATABASE


 NUMBER OF WARNING MESSAGES ENCOUNTERED=          3
 NUMBER OF ERROR   MESSAGES ENCOUNTERED=          0

+--------------------- M A P D L   S T A T I S T I C S ------------------------+

Release: 2024 R2            Build: 24.2       Update: UP20240603   Platform: WINDOWS x64 
Date Run: 02/11/2025   Time: 21:21     Process ID: 26764
Operating System: Windows 11  (Build: 22631)

Processor Model: AMD Ryzen 7 7840H with Radeon 780M Graphics

Compiler: Intel(R) Fortran Compiler Classic Version 2021.9  (Build: 20230302)
          Intel(R) C/C++ Compiler Classic Version 2021.9  (Build: 20230302)
          AOCL-BLAS 4.2.1 Build 20240304

Number of machines requested            :    1
Total number of cores available         :   16
Number of physical cores available      :    8
Number of processes requested           :    8
Number of threads per process requested :    1
Total number of cores requested         :    8 (Distributed Memory Parallel)               
MPI Type: INTELMPI
MPI Version: Intel(R) MPI Library 2021.11 for Windows* OS


GPU Acceleration: Not Requested

Job Name: file0
Input File: dummy.dat

  Core                Machine Name   Working Directory
 -----------------------------------------------------
     0                         hyy   C:\Users\30696\AppData\Local\Temp\WB_30696_71236_2\_ProjectScratch\Scr5252
     1                         hyy   C:\Users\30696\AppData\Local\Temp\WB_30696_71236_2\_ProjectScratch\Scr5252
     2                         hyy   C:\Users\30696\AppData\Local\Temp\WB_30696_71236_2\_ProjectScratch\Scr5252
     3                         hyy   C:\Users\30696\AppData\Local\Temp\WB_30696_71236_2\_ProjectScratch\Scr5252
     4                         hyy   C:\Users\30696\AppData\Local\Temp\WB_30696_71236_2\_ProjectScratch\Scr5252
     5                         hyy   C:\Users\30696\AppData\Local\Temp\WB_30696_71236_2\_ProjectScratch\Scr5252
     6                         hyy   C:\Users\30696\AppData\Local\Temp\WB_30696_71236_2\_ProjectScratch\Scr5252
     7                         hyy   C:\Users\30696\AppData\Local\Temp\WB_30696_71236_2\_ProjectScratch\Scr5252
 
Latency time from master to core     1 =    2.378 microseconds
Latency time from master to core     2 =    2.300 microseconds
Latency time from master to core     3 =    2.427 microseconds
Latency time from master to core     4 =    2.462 microseconds
Latency time from master to core     5 =    2.365 microseconds
Latency time from master to core     6 =    2.630 microseconds
Latency time from master to core     7 =    2.421 microseconds
 
Communication speed from master to core     1 = 14221.72 MB/sec
Communication speed from master to core     2 = 22175.41 MB/sec
Communication speed from master to core     3 = 18459.98 MB/sec
Communication speed from master to core     4 = 18688.97 MB/sec
Communication speed from master to core     5 = 27439.55 MB/sec
Communication speed from master to core     6 = 19623.72 MB/sec
Communication speed from master to core     7 = 17251.42 MB/sec

Total CPU time for main thread                    :        1.0 seconds
Total CPU time summed for all threads             :        3.3 seconds

Elapsed time spent obtaining a license            :        0.5 seconds
Elapsed time spent pre-processing model (/PREP7)  :        0.1 seconds
Elapsed time spent solution - preprocessing       :        0.2 seconds
Elapsed time spent computing solution             :        1.5 seconds
Elapsed time spent solution - postprocessing      :        0.1 seconds
Elapsed time spent post-processing model (/POST1) :        0.0 seconds
 
Equation solver used                              :            PCG (symmetric)
Equation solver computational rate                :       15.7 Gflops

Sum of disk space used on all processes           :      143.5 MB

Sum of memory used on all processes               :      724.0 MB
Sum of memory allocated on all processes          :     3648.0 MB
Physical memory available                         :         31 GB
Total amount of I/O written to disk               :        0.1 GB
Total amount of I/O read from disk                :        0.1 GB

+------------------ E N D   M A P D L   S T A T I S T I C S -------------------+


 *-----------------------------------------------------------------------------*
 |                                                                             |
 |                               RUN COMPLETED                                 |
 |                                                                             |
 |-----------------------------------------------------------------------------|
 |                                                                             |
 |  Ansys MAPDL 2024 R2         Build 24.2         UP20240603    WINDOWS x64   |
 |                                                                             |
 |-----------------------------------------------------------------------------|
 |                                                                             |
 |  Database Requested(-db)     1024 MB     Scratch Memory Requested   1024 MB |
 |  Max Database Used(Master)     34 MB     Max Scratch Used(Master)    140 MB |
 |  Max Database Used(Workers)     1 MB     Max Scratch Used(Workers)    79 MB |
 |  Sum Database Used(All)        41 MB     Sum Scratch Used(All)       683 MB |
 |                                                                             |
 |-----------------------------------------------------------------------------|
 |                                                                             |
 |        CP Time      (sec) =          3.344       Time  =  21:21:28          |
 |        Elapsed Time (sec) =          4.000       Date  =  02/11/2025        |
 |                                                                             |
 *-----------------------------------------------------------------------------*
