
 Ansys Mechanical Enterprise                       


 *------------------------------------------------------------------*
 |                                                                  |
 |   W E L C O M E   T O   T H E   A N S Y S (R)  P R O G R A M     |
 |                                                                  |
 *------------------------------------------------------------------*




 ***************************************************************
 *         ANSYS MAPDL 2024 R2          LEGAL NOTICES          *
 ***************************************************************
 *                                                             *
 * Copyright 1971-2024 Ansys, Inc.  All rights reserved.       *
 * Unauthorized use, distribution or duplication is            *
 * prohibited.                                                 *
 *                                                             *
 * Ansys is a registered trademark of Ansys, Inc. or its       *
 * subsidiaries in the United States or other countries.       *
 * See the Ansys, Inc. online documentation or the Ansys, Inc. *
 * documentation CD or online help for the complete Legal      *
 * Notice.                                                     *
 *                                                             *
 ***************************************************************
 *                                                             *
 * THIS ANSYS SOFTWARE PRODUCT AND PROGRAM DOCUMENTATION       *
 * INCLUDE TRADE SECRETS AND CONFIDENTIAL AND PROPRIETARY      *
 * PRODUCTS OF ANSYS, INC., ITS SUBSIDIARIES, OR LICENSORS.    *
 * The software products and documentation are furnished by    *
 * Ansys, Inc. or its subsidiaries under a software license    *
 * agreement that contains provisions concerning               *
 * non-disclosure, copying, length and nature of use,          *
 * compliance with exporting laws, warranties, disclaimers,    *
 * limitations of liability, and remedies, and other           *
 * provisions.  The software products and documentation may be *
 * used, disclosed, transferred, or copied only in accordance  *
 * with the terms and conditions of that software license      *
 * agreement.                                                  *
 *                                                             *
 * Ansys, Inc. is a UL registered                              *
 * ISO 9001:2015 company.                                      *
 *                                                             *
 ***************************************************************
 *                                                             *
 * This product is subject to U.S. laws governing export and   *
 * re-export.                                                  *
 *                                                             *
 * For U.S. Government users, except as specifically granted   *
 * by the Ansys, Inc. software license agreement, the use,     *
 * duplication, or disclosure by the United States Government  *
 * is subject to restrictions stated in the Ansys, Inc.        *
 * software license agreement and FAR 12.212 (for non-DOD      *
 * licenses).                                                  *
 *                                                             *
 ***************************************************************

 2024 R2 
     
 Point Releases and Patches installed:   
     
 Ansys, Inc. License Manager 2024 R2 
 Discovery 2024 R2   
 Core WB Files 2024 R2   
 SpaceClaim 2024 R2  
 Icepak (includes CFD-Post) 2024 R2  
 Ansys Dynamic Reporting 2024 R2 
 CFD-Post only 2024 R2   
 CFX (includes CFD-Post) 2024 R2 
 Chemkin 2024 R2 
 EnSight 2024 R2 
 FENSAP-ICE 2024 R2  
 Fluent (includes CFD-Post) 2024 R2  
 Polyflow (includes CFD-Post) 2024 R2
 Forte (includes EnSight) 2024 R2
 ICEM CFD 2024 R2
 TurboGrid 2024 R2   
 Speos 2024 R2   
 Speos HPC 2024 R2   
 Zemax OpticStudio 2024 R2   
 optiSLang 2024 R2   
 Remote Solve Manager Standalone Services 2024 R2
 Additive 2024 R2
 Aqwa 2024 R2
 Autodyn 2024 R2 
 Customization Files for User Programmable Features 2024 R2  
 LS-DYNA 2024 R2 
 Material Calibration App 2024 R2
 Mechanical Products 2024 R2 
 Motion 2024 R2  
 Sherlock 2024 R2
 Sound - SAS 2024 R2 
 ACIS Geometry Interface 2024 R2 
 AutoCAD Geometry Interface 2024 R2  
 Catia, Version 4 Geometry Interface 2024 R2 
 Catia, Version 5 Geometry Interface 2024 R2 
 Catia, Version 6 Geometry Interface 2024 R2 
 Creo Elements/Direct Modeling Geometry Interface 2024 R2
 Creo Parametric Geometry Interface 2024 R2  
 Inventor Geometry Interface 2024 R2 
 JTOpen Geometry Interface 2024 R2   
 NX Geometry Interface 2024 R2   
 Parasolid Geometry Interface  2024 R2   
 Solid Edge Geometry Interface 2024 R2   
 SOLIDWORKS Geometry Interface 2024 R2   


          *****  MAPDL COMMAND LINE ARGUMENTS  *****
  BATCH MODE REQUESTED (-b)    = NOLIST
  INPUT FILE COPY MODE (-c)    = COPY
  DISTRIBUTED MEMORY PARALLEL REQUESTED
       4 PARALLEL PROCESSES REQUESTED WITH SINGLE THREAD PER PROCESS
    TOTAL OF     4 CORES REQUESTED
  INPUT FILE NAME              = C:\Users\dell\AppData\Local\Temp\WB_dell_18308_2\_ProjectScratch\ScrBD4B\dummy.dat
  OUTPUT FILE NAME             = C:\Users\dell\AppData\Local\Temp\WB_dell_18308_2\_ProjectScratch\ScrBD4B\solve.out
  START-UP FILE MODE           = NOREAD
  STOP FILE MODE               = NOREAD

 RELEASE= 2024 R2              BUILD= 24.2      UP20240603   VERSION=WINDOWS x64 
 CURRENT JOBNAME=file0  00:33:41  MAR 06, 2026 CP=      0.062


 PARAMETER _DS_PROGRESS =     999.0000000    

 /INPUT FILE= ds.dat  LINE=       0



 *** NOTE ***                            CP =       0.188   TIME= 00:33:42
 The /CONFIG,NOELDB command is not valid in a distributed memory         
 parallel solution.  Command is ignored.                                 

 *GET  _WALLSTRT  FROM  ACTI  ITEM=TIME WALL  VALUE= 0.561666667    

 TITLE= 
 wbnew--____ (B5)                                                              

  ACT Extensions:
      LSDYNA, 2024.2
      5f463412-bd3e-484b-87e7-cbc0a665e474, wbex
 /COM,     ANSYSMotion, 2024.2
      20180725-3f81-49eb-9f31-41364844c769, wbex
  

 SET PARAMETER DIMENSIONS ON  _WB_PROJECTSCRATCH_DIR
  TYPE=STRI  DIMENSIONS=      248        1        1

 PARAMETER _WB_PROJECTSCRATCH_DIR(1) = C:\Users\dell\AppData\Local\Temp\WB_dell_18308_2\_ProjectScratch\ScrBD4B\

 SET PARAMETER DIMENSIONS ON  _WB_SOLVERFILES_DIR
  TYPE=STRI  DIMENSIONS=      248        1        1

 PARAMETER _WB_SOLVERFILES_DIR(1) = C:\Users\dell\AppData\Local\Temp\WB_dell_18308_2\wbnew_files\dp0\SYS-1\MECH\

 SET PARAMETER DIMENSIONS ON  _WB_USERFILES_DIR
  TYPE=STRI  DIMENSIONS=      248        1        1

 PARAMETER _WB_USERFILES_DIR(1) = C:\Users\dell\AppData\Local\Temp\WB_dell_18308_2\wbnew_files\user_files\
 --- Data in consistent NMM units. See Solving Units in the help system for more

 MPA UNITS SPECIFIED FOR INTERNAL    
  LENGTH      = MILLIMETERS (mm)
  MASS        = TONNE (Mg)
  TIME        = SECONDS (sec)
  TEMPERATURE = CELSIUS (C)
  TOFFSET     = 273.0
  FORCE       = NEWTON (N)
  HEAT        = MILLIJOULES (mJ)

 INPUT  UNITS ARE ALSO SET TO MPA 

 *** MAPDL - ENGINEERING ANALYSIS SYSTEM  RELEASE 2024 R2          24.2     ***
 Ansys Mechanical Enterprise                       
 20230322  VERSION=WINDOWS x64   00:33:42  MAR 06, 2026 CP=      0.219

 wbnew--____ (B5)                                                              



          ***** MAPDL ANALYSIS DEFINITION (PREP7) *****
 *********** Nodes for the whole assembly ***********
 *********** Elements for Body 1 'RUPL3-FreeParts|_____' ***********
 *********** Send User Defined Coordinate System(s) ***********
 *********** Set Reference Temperature ***********
 *********** Send Materials ***********
 *********** Fixed Supports ***********
 *********** Create Bearing Load ***********


 ***** ROUTINE COMPLETED *****  CP =         0.594


 --- Number of total nodes = 131964
 --- Number of contact elements = 392
 --- Number of spring elements = 0
 --- Number of bearing elements = 0
 --- Number of solid elements = 85765
 --- Number of condensed parts = 0
 --- Number of total elements = 86157

 *GET  _WALLBSOL  FROM  ACTI  ITEM=TIME WALL  VALUE= 0.561666667    
 ****************************************************************************
 *************************    SOLUTION       ********************************
 ****************************************************************************

 *****  MAPDL SOLUTION ROUTINE  *****


 PERFORM A STATIC ANALYSIS
  THIS WILL BE A NEW ANALYSIS

 PARAMETER _THICKRATIO =     1.000000000    

 USE PRECONDITIONED CONJUGATE GRADIENT SOLVER
  CONVERGENCE TOLERANCE = 1.00000E-08
  MAXIMUM ITERATION     = NumNode*DofPerNode*  1.0000    

 CONTACT INFORMATION PRINTOUT LEVEL       1

 CHECK INITIAL OPEN/CLOSED STATUS OF SELECTED CONTACT ELEMENTS
      AND LIST DETAILED CONTACT PAIR INFORMATION

 SPLIT CONTACT SURFACES AT SOLVE PHASE

    NUMBER OF SPLITTING TBD BY PROGRAM

 DO NOT COMBINE ELEMENT MATRIX FILES (.emat) AFTER DISTRIBUTED PARALLEL SOLUTION

 DO NOT COMBINE ELEMENT SAVE DATA FILES (.esav) AFTER DISTRIBUTED PARALLEL SOLUTION

 NLDIAG: Nonlinear diagnostics CONT option is set to ON. 
         Writing frequency : each ITERATION.

 DO NOT SAVE ANY RESTART FILES AT ALL
 ****************************************************
 ******************* SOLVE FOR LS 1 OF 1 ****************

 SELECT       FOR ITEM=TYPE COMPONENT=    
  IN RANGE         2 TO          2 STEP          1

        392  ELEMENTS (OF      86157  DEFINED) SELECTED BY  ESEL  COMMAND.

 SPECIFIED SURFACE LOAD PRES FOR ALL SELECTED ELEMENTS  LKEY =  5   KVAL = 1
     VALUES =     0.0000         1.0000         0.0000         0.0000    

 COORDINATE SYSTEM         11 DEFINITION.  TYPE= 0  (CARTESIAN)  
   XC,YC,ZC=  0.0000      0.0000      0.0000    
   ANGLES=   90.00    0.00    0.00   PARAMETERS=   1.000   1.000
   ORIENTATION=  0.00  1.00  0.00  -1.00  0.00  0.00   0.00  0.00  1.00

 ACTIVE COORDINATE SYSTEM SET TO        11  (CARTESIAN)  

 ACTIVE COORDINATE SYSTEM SET TO          0  (CARTESIAN)  

 PARAMETER _V1 =     0.000000000    

 PARAMETER _V2 =     1.000000000    

 PARAMETER _V3 =     0.000000000    

 *GET  _NECURR   FROM  ELEM  ITEM=COUN           VALUE=  392.000000    

 PARAMETER _ECURR =     0.000000000    

 PARAMETER _TOTAL =     0.000000000    

 *DO LOOP ON PARAMETER= _I FROM  1.0000     TO  392.00     BY  1.0000    

 PARAMETER _ECURR =     102706.0000    

 PARAMETER _NORMX =     0.000000000    

 PARAMETER _NORMY =   -0.9927088748    

 PARAMETER _NORMZ =   -0.1205366746    

 PARAMETER _NORMMAG =     1.000000000    

 PARAMETER _NORMX =     0.000000000    

 PARAMETER _NORMY =   -0.9927088748    

 PARAMETER _NORMZ =   -0.1205366746    

 PARAMETER _DOT =   -0.9927088748    

 *IF  _dot  ( = -0.992709     )  GT  
      -.00001  ( = -0.100000E-04 )  THEN    

 *ELSE

 ACTIVE COORDINATE SYSTEM SET TO         11  (CARTESIAN)  

 *GET  _INDD     FROM  ELEM    102706  ITEM=APRO X         VALUE= 0.418802431    

 ACTIVE COORDINATE SYSTEM SET TO          0  (CARTESIAN)  

 PARAMETER _TOTAL =    0.4188024313    

 *ENDIF

 *ENDDO  INDEX= _I                              

 *GET  _NECURR   FROM  ELEM  ITEM=COUN           VALUE=  192.000000    

 *IF  _necurr  ( =   192.000     )  EQ  
      0  ( =   0.00000     )  THEN    

 *ENDIF

 PARAMETER _MAG =     1000.000000    

 PARAMETER _MAG =     17.90026781    

 SPECIFIED SURFACE LOAD PRES FOR ALL SELECTED ELEMENTS  LKEY =  5   KVAL = 1
     VALUES =     17.900         0.0000         1000.0         0.0000    

 ALL SELECT   FOR ITEM=NODE COMPONENT=    
  IN RANGE         1 TO     131964 STEP          1

     131964  NODES (OF     131964  DEFINED) SELECTED BY NSEL  COMMAND.

 ALL SELECT   FOR ITEM=ELEM COMPONENT=    
  IN RANGE         1 TO     103097 STEP          1

      86157  ELEMENTS (OF      86157  DEFINED) SELECTED BY  ESEL  COMMAND.

 PRINTOUT RESUMED BY /GOP

 USE       1 SUBSTEPS INITIALLY THIS LOAD STEP FOR ALL  DEGREES OF FREEDOM
 FOR AUTOMATIC TIME STEPPING:
   USE      1 SUBSTEPS AS A MAXIMUM
   USE      1 SUBSTEPS AS A MINIMUM

 TIME=  1.0000    

 ERASE THE CURRENT DATABASE OUTPUT CONTROL TABLE.


 WRITE ALL  ITEMS TO THE DATABASE WITH A FREQUENCY OF NONE
   FOR ALL APPLICABLE ENTITIES

 WRITE NSOL ITEMS TO THE DATABASE WITH A FREQUENCY OF ALL 
   FOR ALL APPLICABLE ENTITIES

 WRITE RSOL ITEMS TO THE DATABASE WITH A FREQUENCY OF ALL 
   FOR ALL APPLICABLE ENTITIES

 WRITE EANG ITEMS TO THE DATABASE WITH A FREQUENCY OF ALL 
   FOR ALL APPLICABLE ENTITIES

 WRITE ETMP ITEMS TO THE DATABASE WITH A FREQUENCY OF ALL 
   FOR ALL APPLICABLE ENTITIES

 WRITE VENG ITEMS TO THE DATABASE WITH A FREQUENCY OF ALL 
   FOR ALL APPLICABLE ENTITIES

 WRITE STRS ITEMS TO THE DATABASE WITH A FREQUENCY OF ALL 
   FOR ALL APPLICABLE ENTITIES

 WRITE EPEL ITEMS TO THE DATABASE WITH A FREQUENCY OF ALL 
   FOR ALL APPLICABLE ENTITIES

 WRITE EPPL ITEMS TO THE DATABASE WITH A FREQUENCY OF ALL 
   FOR ALL APPLICABLE ENTITIES

 WRITE CONT ITEMS TO THE DATABASE WITH A FREQUENCY OF ALL 
   FOR ALL APPLICABLE ENTITIES

 *GET  ANSINTER_  FROM  ACTI  ITEM=INT        VALUE=  0.00000000    

 *IF  ANSINTER_  ( =   0.00000     )  NE  
      0  ( =   0.00000     )  THEN    

 *ENDIF

 *** NOTE ***                            CP =       0.703   TIME= 00:33:42
 The automatic domain decomposition logic has selected the MESH domain   
 decomposition method with 4 processes per solution.                     

 *****  MAPDL SOLVE    COMMAND  *****

 *** WARNING ***                         CP =       0.859   TIME= 00:33:42
 Element shape checking is currently inactive.  Issue SHPP,ON or         
 SHPP,WARN to reactivate, if desired.                                    

 *** NOTE ***                            CP =       1.188   TIME= 00:33:42
 The model data was checked and warning messages were found.             
  Please review output or errors file (                                  
 C:\Users\dell\AppData\Local\Temp\WB_dell_18308_2\_ProjectScratch\ScrBD4 
 4B\file0.err ) for these warning messages.                              

 *** SELECTION OF ELEMENT TECHNOLOGIES FOR APPLICABLE ELEMENTS ***
      --- GIVE SUGGESTIONS AND RESET THE KEY OPTIONS ---

 ELEMENT TYPE         1 IS SOLID187. IT IS NOT ASSOCIATED WITH FULLY INCOMPRESSIBLE
 HYPERELASTIC MATERIALS. NO SUGGESTION IS AVAILABLE AND NO RESETTING IS NEEDED.



 *** MAPDL - ENGINEERING ANALYSIS SYSTEM  RELEASE 2024 R2          24.2     ***
 Ansys Mechanical Enterprise                       
 20230322  VERSION=WINDOWS x64   00:33:42  MAR 06, 2026 CP=      1.188

 wbnew--____ (B5)                                                              



                       S O L U T I O N   O P T I O N S

   PROBLEM DIMENSIONALITY. . . . . . . . . . . . .3-D                  
   DEGREES OF FREEDOM. . . . . . UX   UY   UZ  
   ANALYSIS TYPE . . . . . . . . . . . . . . . . .STATIC (STEADY-STATE)
   OFFSET TEMPERATURE FROM ABSOLUTE ZERO . . . . .  273.15    
   EQUATION SOLVER OPTION. . . . . . . . . . . . .PCG                
      TOLERANCE. . . . . . . . . . . . . . . . . . 1.00000E-08
   GLOBALLY ASSEMBLED MATRIX . . . . . . . . . . .SYMMETRIC  

 *** WARNING ***                         CP =       1.219   TIME= 00:33:42
 Material number 2 (used by element 102706) should normally have at      
 least one MP or one TB type command associated with it.  Output of      
 energy by material may not be available.                                

 *** NOTE ***                            CP =       1.219   TIME= 00:33:42
 The step data was checked and warning messages were found.              
  Please review output or errors file (                                  
 C:\Users\dell\AppData\Local\Temp\WB_dell_18308_2\_ProjectScratch\ScrBD4 
 4B\file0.err ) for these warning messages.                              

 *** NOTE ***                            CP =       1.219   TIME= 00:33:42
 The conditions for direct assembly have been met.  No .emat or .erot    
 files will be produced.                                                 

  
  
     D I S T R I B U T E D   D O M A I N   D E C O M P O S E R
  
  ...Number of elements: 86157
  ...Number of nodes:    131964
  ...Decompose to 4 CPU domains
  ...Element load balance ratio =     1.005


                      L O A D   S T E P   O P T I O N S

   LOAD STEP NUMBER. . . . . . . . . . . . . . . .     1
   TIME AT END OF THE LOAD STEP. . . . . . . . . .  1.0000    
   NUMBER OF SUBSTEPS. . . . . . . . . . . . . . .     1
   STEP CHANGE BOUNDARY CONDITIONS . . . . . . . .    NO
   PRINT OUTPUT CONTROLS . . . . . . . . . . . . .NO PRINTOUT
   DATABASE OUTPUT CONTROLS
      ITEM     FREQUENCY   COMPONENT
       ALL       NONE               
      NSOL        ALL               
      RSOL        ALL               
      EANG        ALL               
      ETMP        ALL               
      VENG        ALL               
      STRS        ALL               
      EPEL        ALL               
      EPPL        ALL               
      CONT        ALL               


 SOLUTION MONITORING INFO IS WRITTEN TO FILE= file.mntr                                                                                                                                                                                                                                                           


 *** NOTE ***                            CP =       1.672   TIME= 00:33:42
 The PCG solver has automatically set the level of difficulty for this   
 model to 2.                                                             


                         ***********  PRECISE MASS SUMMARY  ***********

   TOTAL RIGID BODY MASS MATRIX ABOUT ORIGIN
               Translational mass               |   Coupled translational/rotational mass
        0.76170E-04    0.0000        0.0000     |     0.0000       0.12308E-01   0.45450E-02
         0.0000       0.76170E-04    0.0000     |   -0.12308E-01    0.0000       0.11730    
         0.0000        0.0000       0.76170E-04 |   -0.45450E-02  -0.11730        0.0000    
     ------------------------------------------ | ------------------------------------------
                                                |         Rotational mass (inertia)
                                                |     2.2973        6.9994       -18.954    
                                                |     6.9994        182.66       0.74764    
                                                |    -18.954       0.74764        180.94    

   TOTAL MASS = 0.76170E-04
     The mass principal axes coincide with the global Cartesian axes

   CENTER OF MASS (X,Y,Z)=    1540.0       -59.670        161.58    

   TOTAL INERTIA ABOUT CENTER OF MASS
        0.37459E-01  -0.29301E-10  -0.53824E-11
       -0.29301E-10   0.23583E-01   0.13245E-01
       -0.53824E-11   0.13245E-01   0.25450E-01

   PRINCIPAL INERTIAS =   0.37459E-01   0.11239E-01   0.37794E-01
   ORIENTATION VECTORS OF THE INERTIA PRINCIPAL AXES IN GLOBAL CARTESIAN
     ( 1.000, 0.000, 0.000) ( 0.000, 0.732,-0.682) (-0.000, 0.682, 0.732) 


  *** MASS SUMMARY BY ELEMENT TYPE ***

  TYPE      MASS
     1  0.761699E-04

 Range of element maximum matrix coefficients in global coordinates
 Maximum = 481532.415 at element 73042.                                  
 Minimum = 62829.8675 at element 196.                                    

   *** ELEMENT MATRIX FORMULATION TIMES
     TYPE    NUMBER   ENAME      TOTAL CP  AVE CP

        1     85765  SOLID187      2.953   0.000034
        2       392  SURF154       0.016   0.000040
 Time at end of element matrix formulation CP = 2.6875.                  
 Iteration=    10 Ratio=  5.815141E-02 Limit=  1.000000E-08 Wall=     0.1
 Iteration=    30 Ratio=  4.026454E-04 Limit=  1.000000E-08 Wall=     0.4
 Iteration=    55 Ratio=  2.928508E-06 Limit=  1.000000E-08 Wall=     0.8

 DISTRIBUTED PCG SOLVER SOLUTION CONVERGED

 DISTRIBUTED PCG SOLVER SOLUTION STATISTICS

   NUMBER OF ITERATIONS=          77
   NUMBER OF EQUATIONS =      395892
   LEVEL OF CONVERGENCE=           1
   CALCULATED NORM     = 0.87095E-08
   SPECIFIED TOLERANCE = 0.10000E-07
   TOTAL CPU TIME (sec)=        1.48
   TOTAL WALL TIME(sec)=        1.52
   TOTAL MEMORY (GB)   =        0.19


   *** ELEMENT RESULT CALCULATION TIMES
     TYPE    NUMBER   ENAME      TOTAL CP  AVE CP

        1     85765  SOLID187      2.312   0.000027
        2       392  SURF154       0.000   0.000000

   *** NODAL LOAD CALCULATION TIMES
     TYPE    NUMBER   ENAME      TOTAL CP  AVE CP

        1     85765  SOLID187      0.703   0.000008
        2       392  SURF154       0.000   0.000000
 *** LOAD STEP     1   SUBSTEP     1  COMPLETED.    CUM ITER =      1
 *** TIME =   1.00000         TIME INC =   1.00000      NEW TRIANG MATRIX


 *** MAPDL BINARY FILE STATISTICS
  BUFFER SIZE USED= 16384
       14.500 MB WRITTEN ON RESULTS FILE: file0.rst
 *************** Write FE CONNECTORS *********

 WRITE OUT CONSTRAINT EQUATIONS TO FILE= file.ce                                                                                                                                                                                                                                                             
 ****************************************************
 *************** FINISHED SOLVE FOR LS 1 *************

 *GET  _WALLASOL  FROM  ACTI  ITEM=TIME WALL  VALUE= 0.563055556    

 PRINTOUT RESUMED BY /GOP

 *GET  _PCGITER  FROM  ACTI  ITEM=SOLU CGIT  VALUE=  77.0000000    

 FINISH SOLUTION PROCESSING


 ***** ROUTINE COMPLETED *****  CP =         6.469



 *** MAPDL - ENGINEERING ANALYSIS SYSTEM  RELEASE 2024 R2          24.2     ***
 Ansys Mechanical Enterprise                       
 20230322  VERSION=WINDOWS x64   00:33:47  MAR 06, 2026 CP=      6.469

 wbnew--____ (B5)                                                              



          ***** MAPDL RESULTS INTERPRETATION (POST1) *****

 *** NOTE ***                            CP =       6.469   TIME= 00:33:47
 Reading results into the database (SET command) will update the current 
 displacement and force boundary conditions in the database with the     
 values from the results file for that load set.  Note that any          
 subsequent solutions will use these values unless action is taken to    
 either SAVE the current values or not overwrite them (/EXIT,NOSAVE).    

 Set Encoding of XML File to:ISO-8859-1

 Set Output of XML File to:
     PARM,     ,     ,     ,     ,     ,     ,     ,     ,     ,     ,     ,
         ,     ,     ,     ,     ,     ,     ,

 DATABASE WRITTEN ON FILE  parm.xml                                                                                                                                                                                                                                                            

 EXIT THE MAPDL POST1 DATABASE PROCESSOR


 ***** ROUTINE COMPLETED *****  CP =         6.469



 PRINTOUT RESUMED BY /GOP

 *GET  _WALLDONE  FROM  ACTI  ITEM=TIME WALL  VALUE= 0.563055556    

 PARAMETER _PREPTIME =     0.000000000    

 PARAMETER _SOLVTIME =     5.000000000    

 PARAMETER _POSTTIME =     0.000000000    

 PARAMETER _TOTALTIM =     5.000000000    

 *GET  _DLBRATIO  FROM  ACTI  ITEM=SOLU DLBR  VALUE=  1.00459631    

 *GET  _COMBTIME  FROM  ACTI  ITEM=SOLU COMB  VALUE= 0.203215700    

 *GET  _SSMODE   FROM  ACTI  ITEM=SOLU SSMM  VALUE=  0.00000000    

 *GET  _NDOFS    FROM  ACTI  ITEM=SOLU NDOF  VALUE=  379812.000    

 *GET  _SOL_END_TIME  FROM  ACTI  ITEM=SET  TIME  VALUE=  1.00000000    

 *IF  _sol_end_time  ( =   1.00000     )  EQ  
      1.000000  ( =   1.00000     )  THEN    

 /FCLEAN COMMAND REMOVING ALL LOCAL FILES

 *ENDIF
 --- Total number of nodes = 131964
 --- Total number of elements = 86157
 --- Element load balance ratio = 1.00459631
 --- Time to combine distributed files = 0.2032157
 --- Sparse memory mode = 0
 --- Number of DOF = 379812

 EXIT MAPDL WITHOUT SAVING DATABASE


 NUMBER OF WARNING MESSAGES ENCOUNTERED=          2
 NUMBER OF ERROR   MESSAGES ENCOUNTERED=          0

+--------------------- M A P D L   S T A T I S T I C S ------------------------+

Release: 2024 R2            Build: 24.2       Update: UP20240603   Platform: WINDOWS x64 
Date Run: 03/06/2026   Time: 00:33     Process ID: 12784
Operating System: Windows 11  (Build: 26100)

Processor Model: 13th Gen Intel(R) Core(TM) i7-13650HX

Compiler: Intel(R) Fortran Compiler Classic Version 2021.9  (Build: 20230302)
          Intel(R) C/C++ Compiler Classic Version 2021.9  (Build: 20230302)
          Intel(R) oneAPI Math Kernel Library Version 2023.1-Product Build 20230303

Number of machines requested            :    1
Total number of cores available         :   20
Number of physical cores available      :   14
Number of processes requested           :    4
Number of threads per process requested :    1
Total number of cores requested         :    4 (Distributed Memory Parallel)               
MPI Type: INTELMPI
MPI Version: Intel(R) MPI Library 2021.11 for Windows* OS


GPU Acceleration: Not Requested

Job Name: file0
Input File: dummy.dat

  Core                Machine Name   Working Directory
 -----------------------------------------------------
     0                         zyh   C:\Users\dell\AppData\Local\Temp\WB_dell_18308_2\_ProjectScratch\ScrBD4B
     1                         zyh   C:\Users\dell\AppData\Local\Temp\WB_dell_18308_2\_ProjectScratch\ScrBD4B
     2                         zyh   C:\Users\dell\AppData\Local\Temp\WB_dell_18308_2\_ProjectScratch\ScrBD4B
     3                         zyh   C:\Users\dell\AppData\Local\Temp\WB_dell_18308_2\_ProjectScratch\ScrBD4B
 
Latency time from master to core     1 =    1.667 microseconds
Latency time from master to core     2 =    1.695 microseconds
Latency time from master to core     3 =    1.500 microseconds
 
Communication speed from master to core     1 = 12268.81 MB/sec
Communication speed from master to core     2 = 10910.03 MB/sec
Communication speed from master to core     3 = 11476.94 MB/sec

Total CPU time for main thread                    :        6.2 seconds
Total CPU time summed for all threads             :        6.6 seconds

Elapsed time spent obtaining a license            :        0.5 seconds
Elapsed time spent pre-processing model (/PREP7)  :        0.3 seconds
Elapsed time spent solution - preprocessing       :        0.5 seconds
Elapsed time spent computing solution             :        4.4 seconds
Elapsed time spent solution - postprocessing      :        0.2 seconds
Elapsed time spent post-processing model (/POST1) :        0.0 seconds
 
Equation solver used                              :            PCG (symmetric)
Equation solver computational rate                :        7.6 Gflops

Sum of disk space used on all processes           :      171.4 MB

Sum of memory used on all processes               :      885.0 MB
Sum of memory allocated on all processes          :     3168.0 MB
Physical memory available                         :         16 GB
Total amount of I/O written to disk               :        0.2 GB
Total amount of I/O read from disk                :        0.1 GB

+------------------ E N D   M A P D L   S T A T I S T I C S -------------------+


 *-----------------------------------------------------------------------------*
 |                                                                             |
 |                               RUN COMPLETED                                 |
 |                                                                             |
 |-----------------------------------------------------------------------------|
 |                                                                             |
 |  Ansys MAPDL 2024 R2         Build 24.2         UP20240603    WINDOWS x64   |
 |                                                                             |
 |-----------------------------------------------------------------------------|
 |                                                                             |
 |  Database Requested(-db)     1024 MB     Scratch Memory Requested   1024 MB |
 |  Max Database Used(Master)    104 MB     Max Scratch Used(Master)    249 MB |
 |  Max Database Used(Workers)     1 MB     Max Scratch Used(Workers)   180 MB |
 |  Sum Database Used(All)       107 MB     Sum Scratch Used(All)       778 MB |
 |                                                                             |
 |-----------------------------------------------------------------------------|
 |                                                                             |
 |        CP Time      (sec) =          6.594       Time  =  00:33:47          |
 |        Elapsed Time (sec) =          7.000       Date  =  03/06/2026        |
 |                                                                             |
 *-----------------------------------------------------------------------------*
